CRITICAL - 2024-07-23 14:49:53 --> InvalidArgumentException: "test" is not a valid database connection group.
[Method: GET, Route: /]
in SYSTEMPATH\Database\Config.php on line 72.
 1 APPPATH\Controllers\Home.php(9): CodeIgniter\Database\Config::connect('test')
 2 SYSTEMPATH\CodeIgniter.php(903): App\Controllers\Home->__construct()
 3 SYSTEMPATH\CodeIgniter.php(500): CodeIgniter\CodeIgniter->createController()
 4 SYSTEMPATH\CodeIgniter.php(355): CodeIgniter\CodeIgniter->handleRequest(null, Object(Config\Cache), false)
 5 SYSTEMPATH\Boot.php(312): CodeIgniter\CodeIgniter->run()
 6 SYSTEMPATH\Boot.php(67): CodeIgniter\Boot::runCodeIgniter(Object(CodeIgniter\CodeIgniter))
 7 FCPATH\index.php(56): CodeIgniter\Boot::bootWeb(Object(Config\Paths))
 8 SYSTEMPATH\Commands\Server\rewrite.php(49): require_once('C:\\xampp1\\htdocs\\task\\public\\index.php')
CRITICAL - 2024-07-23 14:50:22 --> InvalidArgumentException: "test" is not a valid database connection group.
[Method: GET, Route: /]
in SYSTEMPATH\Database\Config.php on line 72.
 1 APPPATH\Controllers\Home.php(9): CodeIgniter\Database\Config::connect('test')
 2 SYSTEMPATH\CodeIgniter.php(903): App\Controllers\Home->__construct()
 3 SYSTEMPATH\CodeIgniter.php(500): CodeIgniter\CodeIgniter->createController()
 4 SYSTEMPATH\CodeIgniter.php(355): CodeIgniter\CodeIgniter->handleRequest(null, Object(Config\Cache), false)
 5 SYSTEMPATH\Boot.php(312): CodeIgniter\CodeIgniter->run()
 6 SYSTEMPATH\Boot.php(67): CodeIgniter\Boot::runCodeIgniter(Object(CodeIgniter\CodeIgniter))
 7 FCPATH\index.php(56): CodeIgniter\Boot::bootWeb(Object(Config\Paths))
 8 SYSTEMPATH\Commands\Server\rewrite.php(49): require_once('C:\\xampp1\\htdocs\\task\\public\\index.php')
CRITICAL - 2024-07-23 14:50:23 --> InvalidArgumentException: "test" is not a valid database connection group.
[Method: GET, Route: /]
in SYSTEMPATH\Database\Config.php on line 72.
 1 APPPATH\Controllers\Home.php(9): CodeIgniter\Database\Config::connect('test')
 2 SYSTEMPATH\CodeIgniter.php(903): App\Controllers\Home->__construct()
 3 SYSTEMPATH\CodeIgniter.php(500): CodeIgniter\CodeIgniter->createController()
 4 SYSTEMPATH\CodeIgniter.php(355): CodeIgniter\CodeIgniter->handleRequest(null, Object(Config\Cache), false)
 5 SYSTEMPATH\Boot.php(312): CodeIgniter\CodeIgniter->run()
 6 SYSTEMPATH\Boot.php(67): CodeIgniter\Boot::runCodeIgniter(Object(CodeIgniter\CodeIgniter))
 7 FCPATH\index.php(56): CodeIgniter\Boot::bootWeb(Object(Config\Paths))
 8 SYSTEMPATH\Commands\Server\rewrite.php(49): require_once('C:\\xampp1\\htdocs\\task\\public\\index.php')
CRITICAL - 2024-07-23 15:25:18 --> InvalidArgumentException: "test" is not a valid database connection group.
[Method: GET, Route: /]
in SYSTEMPATH\Database\Config.php on line 72.
 1 APPPATH\Controllers\Home.php(9): CodeIgniter\Database\Config::connect('test')
 2 SYSTEMPATH\CodeIgniter.php(903): App\Controllers\Home->__construct()
 3 SYSTEMPATH\CodeIgniter.php(500): CodeIgniter\CodeIgniter->createController()
 4 SYSTEMPATH\CodeIgniter.php(355): CodeIgniter\CodeIgniter->handleRequest(null, Object(Config\Cache), false)
 5 SYSTEMPATH\Boot.php(312): CodeIgniter\CodeIgniter->run()
 6 SYSTEMPATH\Boot.php(67): CodeIgniter\Boot::runCodeIgniter(Object(CodeIgniter\CodeIgniter))
 7 FCPATH\index.php(56): CodeIgniter\Boot::bootWeb(Object(Config\Paths))
 8 SYSTEMPATH\Commands\Server\rewrite.php(49): require_once('C:\\xampp1\\htdocs\\task\\public\\index.php')
CRITICAL - 2024-07-23 15:25:34 --> InvalidArgumentException: "test" is not a valid database connection group.
[Method: GET, Route: /]
in SYSTEMPATH\Database\Config.php on line 72.
 1 APPPATH\Controllers\Home.php(9): CodeIgniter\Database\Config::connect('test')
 2 SYSTEMPATH\CodeIgniter.php(903): App\Controllers\Home->__construct()
 3 SYSTEMPATH\CodeIgniter.php(500): CodeIgniter\CodeIgniter->createController()
 4 SYSTEMPATH\CodeIgniter.php(355): CodeIgniter\CodeIgniter->handleRequest(null, Object(Config\Cache), false)
 5 SYSTEMPATH\Boot.php(312): CodeIgniter\CodeIgniter->run()
 6 SYSTEMPATH\Boot.php(67): CodeIgniter\Boot::runCodeIgniter(Object(CodeIgniter\CodeIgniter))
 7 FCPATH\index.php(56): CodeIgniter\Boot::bootWeb(Object(Config\Paths))
 8 SYSTEMPATH\Commands\Server\rewrite.php(49): require_once('C:\\xampp1\\htdocs\\task\\public\\index.php')
CRITICAL - 2024-07-23 15:25:49 --> InvalidArgumentException: "test" is not a valid database connection group.
[Method: GET, Route: /]
in SYSTEMPATH\Database\Config.php on line 72.
 1 APPPATH\Controllers\Home.php(9): CodeIgniter\Database\Config::connect('test')
 2 SYSTEMPATH\CodeIgniter.php(903): App\Controllers\Home->__construct()
 3 SYSTEMPATH\CodeIgniter.php(500): CodeIgniter\CodeIgniter->createController()
 4 SYSTEMPATH\CodeIgniter.php(355): CodeIgniter\CodeIgniter->handleRequest(null, Object(Config\Cache), false)
 5 SYSTEMPATH\Boot.php(312): CodeIgniter\CodeIgniter->run()
 6 SYSTEMPATH\Boot.php(67): CodeIgniter\Boot::runCodeIgniter(Object(CodeIgniter\CodeIgniter))
 7 FCPATH\index.php(56): CodeIgniter\Boot::bootWeb(Object(Config\Paths))
 8 SYSTEMPATH\Commands\Server\rewrite.php(49): require_once('C:\\xampp1\\htdocs\\task\\public\\index.php')
CRITICAL - 2024-07-23 15:25:51 --> InvalidArgumentException: "test" is not a valid database connection group.
[Method: GET, Route: /]
in SYSTEMPATH\Database\Config.php on line 72.
 1 APPPATH\Controllers\Home.php(9): CodeIgniter\Database\Config::connect('test')
 2 SYSTEMPATH\CodeIgniter.php(903): App\Controllers\Home->__construct()
 3 SYSTEMPATH\CodeIgniter.php(500): CodeIgniter\CodeIgniter->createController()
 4 SYSTEMPATH\CodeIgniter.php(355): CodeIgniter\CodeIgniter->handleRequest(null, Object(Config\Cache), false)
 5 SYSTEMPATH\Boot.php(312): CodeIgniter\CodeIgniter->run()
 6 SYSTEMPATH\Boot.php(67): CodeIgniter\Boot::runCodeIgniter(Object(CodeIgniter\CodeIgniter))
 7 FCPATH\index.php(56): CodeIgniter\Boot::bootWeb(Object(Config\Paths))
 8 SYSTEMPATH\Commands\Server\rewrite.php(49): require_once('C:\\xampp1\\htdocs\\task\\public\\index.php')
CRITICAL - 2024-07-23 15:26:05 --> InvalidArgumentException: "test" is not a valid database connection group.
[Method: GET, Route: /]
in SYSTEMPATH\Database\Config.php on line 72.
 1 APPPATH\Controllers\Home.php(9): CodeIgniter\Database\Config::connect('test')
 2 SYSTEMPATH\CodeIgniter.php(903): App\Controllers\Home->__construct()
 3 SYSTEMPATH\CodeIgniter.php(500): CodeIgniter\CodeIgniter->createController()
 4 SYSTEMPATH\CodeIgniter.php(355): CodeIgniter\CodeIgniter->handleRequest(null, Object(Config\Cache), false)
 5 SYSTEMPATH\Boot.php(312): CodeIgniter\CodeIgniter->run()
 6 SYSTEMPATH\Boot.php(67): CodeIgniter\Boot::runCodeIgniter(Object(CodeIgniter\CodeIgniter))
 7 FCPATH\index.php(56): CodeIgniter\Boot::bootWeb(Object(Config\Paths))
 8 SYSTEMPATH\Commands\Server\rewrite.php(49): require_once('C:\\xampp1\\htdocs\\task\\public\\index.php')
CRITICAL - 2024-07-23 15:26:14 --> InvalidArgumentException: "test" is not a valid database connection group.
[Method: GET, Route: /]
in SYSTEMPATH\Database\Config.php on line 72.
 1 APPPATH\Controllers\Home.php(9): CodeIgniter\Database\Config::connect('test')
 2 SYSTEMPATH\CodeIgniter.php(903): App\Controllers\Home->__construct()
 3 SYSTEMPATH\CodeIgniter.php(500): CodeIgniter\CodeIgniter->createController()
 4 SYSTEMPATH\CodeIgniter.php(355): CodeIgniter\CodeIgniter->handleRequest(null, Object(Config\Cache), false)
 5 SYSTEMPATH\Boot.php(312): CodeIgniter\CodeIgniter->run()
 6 SYSTEMPATH\Boot.php(67): CodeIgniter\Boot::runCodeIgniter(Object(CodeIgniter\CodeIgniter))
 7 FCPATH\index.php(56): CodeIgniter\Boot::bootWeb(Object(Config\Paths))
 8 SYSTEMPATH\Commands\Server\rewrite.php(49): require_once('C:\\xampp1\\htdocs\\task\\public\\index.php')
CRITICAL - 2024-07-23 15:28:08 --> InvalidArgumentException: "test" is not a valid database connection group.
[Method: GET, Route: add]
in SYSTEMPATH\Database\Config.php on line 72.
 1 APPPATH\Controllers\Home.php(9): CodeIgniter\Database\Config::connect('test')
 2 SYSTEMPATH\CodeIgniter.php(903): App\Controllers\Home->__construct()
 3 SYSTEMPATH\CodeIgniter.php(500): CodeIgniter\CodeIgniter->createController()
 4 SYSTEMPATH\CodeIgniter.php(355): CodeIgniter\CodeIgniter->handleRequest(null, Object(Config\Cache), false)
 5 SYSTEMPATH\Boot.php(312): CodeIgniter\CodeIgniter->run()
 6 SYSTEMPATH\Boot.php(67): CodeIgniter\Boot::runCodeIgniter(Object(CodeIgniter\CodeIgniter))
 7 FCPATH\index.php(56): CodeIgniter\Boot::bootWeb(Object(Config\Paths))
 8 SYSTEMPATH\Commands\Server\rewrite.php(49): require_once('C:\\xampp1\\htdocs\\task\\public\\index.php')
CRITICAL - 2024-07-23 15:28:14 --> InvalidArgumentException: "test" is not a valid database connection group.
[Method: GET, Route: /]
in SYSTEMPATH\Database\Config.php on line 72.
 1 APPPATH\Controllers\Home.php(9): CodeIgniter\Database\Config::connect('test')
 2 SYSTEMPATH\CodeIgniter.php(903): App\Controllers\Home->__construct()
 3 SYSTEMPATH\CodeIgniter.php(500): CodeIgniter\CodeIgniter->createController()
 4 SYSTEMPATH\CodeIgniter.php(355): CodeIgniter\CodeIgniter->handleRequest(null, Object(Config\Cache), false)
 5 SYSTEMPATH\Boot.php(312): CodeIgniter\CodeIgniter->run()
 6 SYSTEMPATH\Boot.php(67): CodeIgniter\Boot::runCodeIgniter(Object(CodeIgniter\CodeIgniter))
 7 FCPATH\index.php(56): CodeIgniter\Boot::bootWeb(Object(Config\Paths))
 8 SYSTEMPATH\Commands\Server\rewrite.php(49): require_once('C:\\xampp1\\htdocs\\task\\public\\index.php')
CRITICAL - 2024-07-23 15:28:17 --> InvalidArgumentException: "test" is not a valid database connection group.
[Method: GET, Route: /]
in SYSTEMPATH\Database\Config.php on line 72.
 1 APPPATH\Controllers\Home.php(9): CodeIgniter\Database\Config::connect('test')
 2 SYSTEMPATH\CodeIgniter.php(903): App\Controllers\Home->__construct()
 3 SYSTEMPATH\CodeIgniter.php(500): CodeIgniter\CodeIgniter->createController()
 4 SYSTEMPATH\CodeIgniter.php(355): CodeIgniter\CodeIgniter->handleRequest(null, Object(Config\Cache), false)
 5 SYSTEMPATH\Boot.php(312): CodeIgniter\CodeIgniter->run()
 6 SYSTEMPATH\Boot.php(67): CodeIgniter\Boot::runCodeIgniter(Object(CodeIgniter\CodeIgniter))
 7 FCPATH\index.php(56): CodeIgniter\Boot::bootWeb(Object(Config\Paths))
 8 SYSTEMPATH\Commands\Server\rewrite.php(49): require_once('C:\\xampp1\\htdocs\\task\\public\\index.php')
CRITICAL - 2024-07-23 15:28:20 --> InvalidArgumentException: "test" is not a valid database connection group.
[Method: GET, Route: /]
in SYSTEMPATH\Database\Config.php on line 72.
 1 APPPATH\Controllers\Home.php(9): CodeIgniter\Database\Config::connect('test')
 2 SYSTEMPATH\CodeIgniter.php(903): App\Controllers\Home->__construct()
 3 SYSTEMPATH\CodeIgniter.php(500): CodeIgniter\CodeIgniter->createController()
 4 SYSTEMPATH\CodeIgniter.php(355): CodeIgniter\CodeIgniter->handleRequest(null, Object(Config\Cache), false)
 5 SYSTEMPATH\Boot.php(312): CodeIgniter\CodeIgniter->run()
 6 SYSTEMPATH\Boot.php(67): CodeIgniter\Boot::runCodeIgniter(Object(CodeIgniter\CodeIgniter))
 7 FCPATH\index.php(56): CodeIgniter\Boot::bootWeb(Object(Config\Paths))
 8 SYSTEMPATH\Commands\Server\rewrite.php(49): require_once('C:\\xampp1\\htdocs\\task\\public\\index.php')
